<?xml version="1.0" encoding="UTF-8"?>
<testsuite xmlns:xsi="http://www.w3.org/2001/XMLSchema-instance" xsi:noNamespaceSchemaLocation="https://maven.apache.org/surefire/maven-surefire-plugin/xsd/surefire-test-report.xsd" name="com.lnt.CalculatorTest" time="0.081" tests="8" errors="1" skipped="0" failures="0">
  <properties>
[...]
</properties>
  <testcase name="testAdd{int, int, int}[1]" classname="com.lnt.CalculatorTest" time="0.028"/>
  <testcase name="testAdd{int, int, int}[2]" classname="com.lnt.CalculatorTest" time="0.001"/>
  <testcase name="testAdd{int, int, int}[3]" classname="com.lnt.CalculatorTest" time="0.001"/>
  <testcase name="testAdd{int, int, int}[4]" classname="com.lnt.CalculatorTest" time="0.001"/>
  <testcase name="testDiv" classname="com.lnt.CalculatorTest" time="0"/>
  <testcase name="testAdd2{int, int, int}" classname="com.lnt.CalculatorTest" time="0.011">
    <error message="Classpath resource [/data.csv] does not exist" type="org.junit.platform.commons.PreconditionViolationException">org.junit.platform.commons.PreconditionViolationException: Classpath resource [/data.csv] does not exist
</error>
  </testcase>
  <testcase name="testDiff" classname="com.lnt.CalculatorTest" time="0"/>
  <testcase name="testProduct" classname="com.lnt.CalculatorTest" time="0.001"/>
</testsuite>